\BOOKMARK [1][-]{section.1}{\376\377\000L\000'\000e\000n\000s\000e\000m\000b\000l\000e\000\040\000d\000e\000s\000\040\000n\000o\000m\000b\000r\000e\000s\000\040\000r\000a\000t\000i\000o\000n\000n\000e\000l\000s\000\040\000Q}{}% 1
\BOOKMARK [2][-]{subsection.1.1}{\376\377\000E\000c\000r\000i\000t\000u\000r\000e\000\040\000d\000\351\000c\000i\000m\000a\000l\000e}{section.1}% 2
\BOOKMARK [1][-]{section.2}{\376\377\0002\000\040\000n\000'\000e\000s\000t\000\040\000p\000a\000s\000\040\000u\000n\000\040\000r\000a\000t\000i\000o\000n\000n\000e\000l}{}% 3
\BOOKMARK [1][-]{section.3}{\376\377\000P\000r\000o\000p\000r\000i\000\351\000t\000\351\000\040\000d\000e\000\040\000R}{}% 4
\BOOKMARK [2][-]{subsection.3.1}{\376\377\000R\000\350\000g\000l\000e\000\040\000d\000e\000\040\000c\000a\000l\000c\000u\000l}{section.3}% 5
\BOOKMARK [2][-]{subsection.3.2}{\376\377\000L\000'\000o\000r\000d\000r\000e\000\040\000s\000u\000r\000\040\000R}{section.3}% 6
\BOOKMARK [2][-]{subsection.3.3}{\376\377\000P\000r\000o\000p\000r\000i\000\351\000t\000\351\000\040\000d\000'\000A\000r\000c\000h\000i\000m\000\350\000d\000e}{section.3}% 7
\BOOKMARK [2][-]{subsection.3.4}{\376\377\000L\000a\000\040\000v\000a\000l\000e\000u\000r\000\040\000a\000b\000s\000o\000l\000u\000e}{section.3}% 8
\BOOKMARK [1][-]{section.4}{\376\377\000D\000e\000n\000s\000i\000t\000\351\000\040\000d\000e\000\040\000Q\000\040\000d\000a\000n\000s\000\040\000R}{}% 9
\BOOKMARK [2][-]{subsection.4.1}{\376\377\000I\000n\000t\000e\000r\000v\000a\000l\000l\000e\000s\000\040\000d\000e\000\040\000R}{section.4}% 10
\BOOKMARK [2][-]{subsection.4.2}{\376\377\000D\000e\000n\000s\000i\000t\000\351}{section.4}% 11
\BOOKMARK [1][-]{section.5}{\376\377\000B\000o\000r\000n\000e\000s\000\040\000s\000u\000r\000\040\000R}{}% 12
\BOOKMARK [2][-]{subsection.5.1}{\376\377\000M\000a\000x\000i\000m\000u\000m\000\040\000e\000t\000\040\000m\000i\000n\000i\000m\000u\000m}{section.5}% 13
\BOOKMARK [2][-]{subsection.5.2}{\376\377\000M\000a\000j\000o\000r\000a\000n\000t\000s\000\040\000e\000t\000\040\000m\000i\000n\000o\000r\000a\000n\000t\000s}{section.5}% 14
\BOOKMARK [2][-]{subsection.5.3}{\376\377\000B\000o\000r\000n\000e\000s\000\040\000s\000u\000p\000\351\000r\000i\000e\000u\000r\000e\000s\000\040\000e\000t\000\040\000b\000o\000r\000n\000e\000s\000\040\000i\000n\000f\000\351\000r\000i\000e\000u\000r\000e\000s}{section.5}% 15
\BOOKMARK [1][-]{section.6}{\376\377\000L\000e\000s\000\040\000s\000u\000i\000t\000e\000s}{}% 16
\BOOKMARK [2][-]{subsection.6.1}{\376\377\000D\000\351\000f\000i\000n\000i\000t\000i\000o\000n\000\040\000d\000'\000u\000n\000e\000\040\000s\000u\000i\000t\000e}{section.6}% 17
\BOOKMARK [3][-]{subsubsection.6.1.1}{\376\377\000S\000u\000i\000t\000e\000s\000\040\000m\000a\000j\000o\000r\000\351\000e\000s\000,\000\040\000m\000i\000n\000o\000r\000\351\000e\000s\000,\000\040\000b\000o\000r\000n\000\351\000e\000s}{subsection.6.1}% 18
\BOOKMARK [2][-]{subsection.6.2}{\376\377\000L\000i\000m\000i\000t\000e\000s}{section.6}% 19
\BOOKMARK [3][-]{subsubsection.6.2.1}{\376\377\000L\000i\000m\000i\000t\000\040\000f\000i\000n\000i\000e\000,\000\040\000l\000i\000m\000i\000t\000e\000\040\000i\000n\000f\000i\000n\000i\000e}{subsection.6.2}% 20
\BOOKMARK [3][-]{subsubsection.6.2.2}{\376\377\000P\000r\000o\000p\000r\000i\000\351\000t\000\351\000s\000\040\000d\000e\000s\000\040\000l\000i\000m\000i\000t\000e\000s}{subsection.6.2}% 21
\BOOKMARK [3][-]{subsubsection.6.2.3}{\376\377\000F\000o\000r\000m\000e\000s\000\040\000i\000n\000d\000\351\000t\000e\000r\000m\000i\000n\000\351\000e\000s}{subsection.6.2}% 22
\BOOKMARK [3][-]{subsubsection.6.2.4}{\376\377\000Q\000u\000e\000l\000q\000u\000e\000s\000\040\000i\000n\000n\000\351\000g\000a\000l\000i\000t\000\351\000s}{subsection.6.2}% 23
\BOOKMARK [2][-]{subsection.6.3}{\376\377\000S\000u\000i\000t\000e\000s\000\040\000a\000d\000j\000a\000c\000e\000n\000t\000e\000s}{section.6}% 24
\BOOKMARK [2][-]{subsection.6.4}{\376\377\000L\000e\000s\000\040\000S\000o\000u\000s\000-\000s\000u\000i\000t\000e\000s}{section.6}% 25
\BOOKMARK [1][-]{section.7}{\376\377\000E\000t\000u\000d\000e\000\040\000d\000e\000\040\000f\000o\000n\000c\000t\000i\000o\000n\000s}{}% 26
\BOOKMARK [2][-]{subsection.7.1}{\376\377\000N\000o\000t\000i\000o\000n\000\040\000d\000e\000\040\000f\000o\000n\000c\000t\000i\000o\000n}{section.7}% 27
\BOOKMARK [2][-]{subsection.7.2}{\376\377\000O\000p\000\351\000r\000a\000t\000i\000o\000n\000s\000\040\000s\000u\000r\000\040\000l\000e\000s\000\040\000f\000o\000n\000c\000t\000i\000o\000n\000s}{section.7}% 28
\BOOKMARK [2][-]{subsection.7.3}{\376\377\000F\000o\000n\000c\000t\000i\000o\000n\000\040\000m\000o\000n\000o\000t\000o\000n\000e\000,\000\040\000b\000o\000r\000n\000\351\000e}{section.7}% 29
\BOOKMARK [2][-]{subsection.7.4}{\376\377\000P\000a\000r\000i\000t\000\351\000\040\000e\000t\000\040\000p\000\351\000r\000i\000o\000d\000i\000c\000i\000t\000\351}{section.7}% 30
\BOOKMARK [2][-]{subsection.7.5}{\376\377\000L\000i\000m\000i\000t\000e\000s\000\040\000d\000'\000u\000n\000e\000\040\000f\000o\000n\000c\000t\000i\000o\000n}{section.7}% 31
\BOOKMARK [3][-]{subsubsection.7.5.1}{\376\377\000D\000\351\000f\000i\000n\000i\000t\000i\000o\000n}{subsection.7.5}% 32
\BOOKMARK [3][-]{subsubsection.7.5.2}{\376\377\000P\000r\000o\000p\000r\000i\000\351\000t\000\351\000s}{subsection.7.5}% 33
\BOOKMARK [3][-]{subsubsection.7.5.3}{\376\377\000R\000\350\000g\000l\000e\000s\000\040\000d\000e\000\040\000c\000a\000l\000c\000u\000l}{subsection.7.5}% 34
\BOOKMARK [2][-]{subsection.7.6}{\376\377\000C\000o\000n\000t\000i\000n\000i\000t\000u\000\351\000\040\000e\000n\000\040\0001\000\040\000p\000o\000i\000n\000t}{section.7}% 35
\BOOKMARK [3][-]{subsubsection.7.6.1}{\376\377\000R\000\350\000g\000l\000e\000s\000\040\000d\000e\000\040\000c\000a\000l\000c\000u\000l}{subsection.7.6}% 36
\BOOKMARK [2][-]{subsection.7.7}{\376\377\000P\000r\000o\000l\000o\000n\000g\000e\000m\000e\000n\000t\000\040\000p\000a\000r\000\040\000c\000o\000n\000t\000i\000n\000u\000i\000t\000u\000\351}{section.7}% 37
\BOOKMARK [2][-]{subsection.7.8}{\376\377\000C\000o\000n\000t\000i\000n\000u\000i\000t\000\351\000\040\000s\000u\000r\000\040\000u\000n\000\040\000i\000n\000t\000e\000r\000v\000a\000l\000l\000e}{section.7}% 38
\BOOKMARK [2][-]{subsection.7.9}{\376\377\000T\000h\000\351\000o\000r\000e\000m\000e\000\040\000d\000e\000s\000\040\000v\000a\000l\000e\000u\000r\000s\000\040\000i\000n\000t\000e\000r\000m\000\351\000d\000i\000a\000i\000r\000e\000s}{section.7}% 39
\BOOKMARK [3][-]{subsubsection.7.9.1}{\376\377\000F\000o\000n\000c\000t\000i\000o\000n\000\040\000c\000o\000n\000t\000i\000n\000u\000e\000\040\000s\000u\000r\000\040\000u\000n\000\040\000s\000e\000g\000m\000e\000n\000t}{subsection.7.9}% 40
\BOOKMARK [3][-]{subsubsection.7.9.2}{\376\377\000S\000u\000i\000t\000e\000\040\000d\000\351\000f\000i\000n\000i\000e\000\040\000p\000a\000r\000\040\000u\000n\000e\000\040\000f\000o\000n\000c\000t\000i\000o\000n}{subsection.7.9}% 41
\BOOKMARK [2][-]{subsection.7.10}{\376\377\000T\000h\000\351\000o\000r\000\350\000m\000e\000\040\000d\000e\000\040\000l\000a\000\040\000b\000i\000j\000e\000c\000t\000i\000o\000n}{section.7}% 42
\BOOKMARK [3][-]{subsubsection.7.10.1}{\376\377\000I\000n\000j\000e\000c\000t\000i\000o\000n\000,\000\040\000s\000u\000r\000j\000e\000c\000t\000i\000o\000n\000\040\000e\000t\000\040\000b\000i\000j\000e\000c\000t\000i\000o\000n}{subsection.7.10}% 43
\BOOKMARK [3][-]{subsubsection.7.10.2}{\376\377\000F\000o\000n\000c\000t\000i\000o\000n\000s\000\040\000m\000o\000n\000o\000t\000o\000n\000e\000s}{subsection.7.10}% 44
\BOOKMARK [2][-]{subsection.7.11}{\376\377\000F\000o\000n\000c\000t\000i\000o\000n\000s\000\040\000u\000s\000u\000e\000l\000l\000e\000s\000\040\000i\000n\000v\000e\000r\000s\000e\000s}{section.7}% 45
\BOOKMARK [3][-]{subsubsection.7.11.1}{\376\377\000L\000o\000g\000a\000r\000i\000t\000h\000m\000e\000\040\000e\000t\000\040\000e\000x\000p\000o\000n\000e\000n\000t\000i\000e\000l\000l\000e}{subsection.7.11}% 46
